<?xml version="1.0" encoding="UTF-8"?>
<testsuite xmlns:xsi="http://www.w3.org/2001/XMLSchema-instance" xsi:noNamespaceSchemaLocation="https://maven.apache.org/surefire/maven-surefire-plugin/xsd/surefire-test-report.xsd" version="3.0.2" name="com.Assignment.A3_Asma_Ahmed.A3AsmaAhmedApplicationTests" time="3.022" tests="1" errors="0" skipped="0" failures="0">
  <properties>
[...]
</properties>
  <testcase name="contextLoads" classname="com.Assignment.A3_Asma_Ahmed.A3AsmaAhmedApplicationTests" time="0.372">
    <system-out><![CDATA[16:37:46.865 [main] INFO org.springframework.test.context.support.AnnotationConfigContextLoaderUtils -- Could not detect default configuration classes for test class [com.Assignment.A3_Asma_Ahmed.A3AsmaAhmedApplicationTests]: A3AsmaAhmedApplicationTests does not declare any static, non-private, non-final, nested classes annotated with @Configuration.
16:37:46.928 [main] INFO org.springframework.boot.test.context.SpringBootTestContextBootstrapper -- Found @SpringBootConfiguration com.Assignment.A3_Asma_Ahmed.A3AsmaAhmedApplication for test class com.Assignment.A3_Asma_Ahmed.A3AsmaAhmedApplicationTests

  .   ____          _            __ _ _
 /\\ / ___'_ __ _ _(_)_ __  __ _ \ \ \ \
( ( )\___ | '_ | '_| | '_ \/ _` | \ \ \ \
 \\/  ___)| |_)| | | | | || (_| |  ) ) ) )
  '  |____| .__|_| |_|_| |_\__, | / / / /
 =========|_|==============|___/=/_/_/_/

 :: Spring Boot ::                (v3.4.4)

2025-04-02T16:37:47.144+05:30  INFO 14319 --- [A3_Asma_Ahmed] [           main] c.A.A.A3AsmaAhmedApplicationTests        : Starting A3AsmaAhmedApplicationTests using Java 21.0.6 with PID 14319 (started by L035742 in /Users/L035742/Documents/testing/A3_Asma_Ahmed/backend)
2025-04-02T16:37:47.145+05:30  INFO 14319 --- [A3_Asma_Ahmed] [           main] c.A.A.A3AsmaAhmedApplicationTests        : No active profile set, falling back to 1 default profile: "default"
2025-04-02T16:37:47.159+05:30 DEBUG 14319 --- [A3_Asma_Ahmed] [           main] o.s.w.c.s.GenericWebApplicationContext   : Refreshing org.springframework.web.context.support.GenericWebApplicationContext@24b52d3e
2025-04-02T16:37:47.465+05:30  INFO 14319 --- [A3_Asma_Ahmed] [           main] .s.d.r.c.RepositoryConfigurationDelegate : Bootstrapping Spring Data JPA repositories in DEFAULT mode.
2025-04-02T16:37:47.497+05:30  INFO 14319 --- [A3_Asma_Ahmed] [           main] .s.d.r.c.RepositoryConfigurationDelegate : Finished Spring Data repository scanning in 26 ms. Found 2 JPA repository interfaces.
2025-04-02T16:37:47.746+05:30  INFO 14319 --- [A3_Asma_Ahmed] [           main] o.hibernate.jpa.internal.util.LogHelper  : HHH000204: Processing PersistenceUnitInfo [name: default]
2025-04-02T16:37:47.781+05:30  INFO 14319 --- [A3_Asma_Ahmed] [           main] org.hibernate.Version                    : HHH000412: Hibernate ORM core version 6.6.11.Final
2025-04-02T16:37:47.800+05:30  INFO 14319 --- [A3_Asma_Ahmed] [           main] o.h.c.internal.RegionFactoryInitiator    : HHH000026: Second-level cache disabled
2025-04-02T16:37:47.965+05:30  INFO 14319 --- [A3_Asma_Ahmed] [           main] o.s.o.j.p.SpringPersistenceUnitInfo      : No LoadTimeWeaver setup: ignoring JPA class transformer
2025-04-02T16:37:47.982+05:30  INFO 14319 --- [A3_Asma_Ahmed] [           main] com.zaxxer.hikari.HikariDataSource       : HikariPool-1 - Starting...
2025-04-02T16:37:48.293+05:30  INFO 14319 --- [A3_Asma_Ahmed] [           main] com.zaxxer.hikari.pool.HikariPool        : HikariPool-1 - Added connection com.mysql.cj.jdbc.ConnectionImpl@343db2f6
2025-04-02T16:37:48.294+05:30  INFO 14319 --- [A3_Asma_Ahmed] [           main] com.zaxxer.hikari.HikariDataSource       : HikariPool-1 - Start completed.
2025-04-02T16:37:48.333+05:30  WARN 14319 --- [A3_Asma_Ahmed] [           main] org.hibernate.orm.deprecation            : HHH90000025: MySQL8Dialect does not need to be specified explicitly using 'hibernate.dialect' (remove the property setting and it will be selected by default)
2025-04-02T16:37:48.334+05:30  WARN 14319 --- [A3_Asma_Ahmed] [           main] org.hibernate.orm.deprecation            : HHH90000026: MySQL8Dialect has been deprecated; use org.hibernate.dialect.MySQLDialect instead
2025-04-02T16:37:48.343+05:30  INFO 14319 --- [A3_Asma_Ahmed] [           main] org.hibernate.orm.connections.pooling    : HHH10001005: Database info:
	Database JDBC URL [Connecting through datasource 'HikariDataSource (HikariPool-1)']
	Database driver: undefined/unknown
	Database version: 8.0
	Autocommit mode: undefined/unknown
	Isolation level: undefined/unknown
	Minimum pool size: undefined/unknown
	Maximum pool size: undefined/unknown
2025-04-02T16:37:48.841+05:30  INFO 14319 --- [A3_Asma_Ahmed] [           main] o.h.e.t.j.p.i.JtaPlatformInitiator       : HHH000489: No JTA platform available (set 'hibernate.transaction.jta.platform' to enable JTA platform integration)
2025-04-02T16:37:48.925+05:30  INFO 14319 --- [A3_Asma_Ahmed] [           main] j.LocalContainerEntityManagerFactoryBean : Initialized JPA EntityManagerFactory for persistence unit 'default'
2025-04-02T16:37:49.117+05:30  INFO 14319 --- [A3_Asma_Ahmed] [           main] o.s.d.j.r.query.QueryEnhancerFactory     : Hibernate is in classpath; If applicable, HQL parser will be used.
2025-04-02T16:37:49.218+05:30  WARN 14319 --- [A3_Asma_Ahmed] [           main] JpaBaseConfiguration$JpaWebConfiguration : spring.jpa.open-in-view is enabled by default. Therefore, database queries may be performed during view rendering. Explicitly configure spring.jpa.open-in-view to disable this warning
2025-04-02T16:37:49.268+05:30 DEBUG 14319 --- [A3_Asma_Ahmed] [           main] s.w.s.m.m.a.RequestMappingHandlerMapping : 10 mappings in 'requestMappingHandlerMapping'
2025-04-02T16:37:49.331+05:30 DEBUG 14319 --- [A3_Asma_Ahmed] [           main] o.s.w.s.handler.SimpleUrlHandlerMapping  : Patterns [/webjars/**, /**] in 'resourceHandlerMapping'
2025-04-02T16:37:49.347+05:30 DEBUG 14319 --- [A3_Asma_Ahmed] [           main] s.w.s.m.m.a.RequestMappingHandlerAdapter : ControllerAdvice beans: 0 @ModelAttribute, 0 @InitBinder, 1 RequestBodyAdvice, 1 ResponseBodyAdvice
2025-04-02T16:37:49.371+05:30 DEBUG 14319 --- [A3_Asma_Ahmed] [           main] .m.m.a.ExceptionHandlerExceptionResolver : ControllerAdvice beans: 0 @ExceptionHandler, 1 ResponseBodyAdvice
2025-04-02T16:37:49.426+05:30  INFO 14319 --- [A3_Asma_Ahmed] [           main] c.A.A.A3AsmaAhmedApplicationTests        : Started A3AsmaAhmedApplicationTests in 2.422 seconds (process running for 2.947)
]]></system-out>
    <system-err><![CDATA[Mockito is currently self-attaching to enable the inline-mock-maker. This will no longer work in future releases of the JDK. Please add Mockito as an agent to your build what is described in Mockito's documentation: https://javadoc.io/doc/org.mockito/mockito-core/latest/org/mockito/Mockito.html#0.3
WARNING: A Java agent has been loaded dynamically (/Users/L035742/.m2/repository/net/bytebuddy/byte-buddy-agent/1.15.11/byte-buddy-agent-1.15.11.jar)
WARNING: If a serviceability tool is in use, please run with -XX:+EnableDynamicAgentLoading to hide this warning
WARNING: If a serviceability tool is not in use, please run with -Djdk.instrument.traceUsage for more information
WARNING: Dynamic loading of agents will be disallowed by default in a future release
]]></system-err>
  </testcase>
</testsuite>